<?xml version='1.0' encoding='UTF-8'?>
<testsuite hostname="hhur" name="reductions.ParallelCountChangeSuite" tests="5" errors="0" failures="0" time="0.156">
                     <properties>
[...]
</properties>
                     <testcase classname="reductions.ParallelCountChangeSuite" name="countChange should return 0 for money &lt; 0" time="0.023">
                                                 
                                               </testcase><testcase classname="reductions.ParallelCountChangeSuite" name="countChange should return 1 when money == 0" time="0.01">
                                                 
                                               </testcase><testcase classname="reductions.ParallelCountChangeSuite" name="countChange should return 0 for money &gt; 0 and coins = List()" time="0.0">
                                                 
                                               </testcase><testcase classname="reductions.ParallelCountChangeSuite" name="countChange should work when there is only one coin" time="0.001">
                                                 
                                               </testcase><testcase classname="reductions.ParallelCountChangeSuite" name="countChange should work for multi-coins" time="0.122">
                                                 
                                               </testcase>
                     <system-out></system-out>
                     <system-err></system-err>
                   </testsuite>